
*** Running vivado
    with args -log seg7decimal.vds -m64 -product Vivado -mode batch -messageDb vivado.pb -notrace -source seg7decimal.tcl


****** Vivado v2018.2 (64-bit)
  **** SW Build 2258646 on Thu Jun 14 20:02:38 MDT 2018
  **** IP Build 2256618 on Thu Jun 14 22:10:49 MDT 2018
    ** Copyright 1986-2018 Xilinx, Inc. All Rights Reserved.

source seg7decimal.tcl -notrace
Command: synth_design -top seg7decimal -part xc7a35tcpg236-1
Starting synth_design
Attempting to get a license for feature 'Synthesis' and/or device 'xc7a35t'
INFO: [Common 17-349] Got license for feature 'Synthesis' and/or device 'xc7a35t'
INFO: Launching helper process for spawning children vivado processes
INFO: Helper process launched with PID 8712 
---------------------------------------------------------------------------------
Starting RTL Elaboration : Time (s): cpu = 00:00:01 ; elapsed = 00:00:02 . Memory (MB): peak = 1259.316 ; gain = 79.863 ; free physical = 2760 ; free virtual = 21915
---------------------------------------------------------------------------------
INFO: [Synth 8-6157] synthesizing module 'seg7decimal' [/home/2017csb1062/try_1/try_1.srcs/sources_1/new/7seg.v:21]
INFO: [Synth 8-6155] done synthesizing module 'seg7decimal' (1#1) [/home/2017csb1062/try_1/try_1.srcs/sources_1/new/7seg.v:21]
WARNING: [Synth 8-3917] design seg7decimal has port dp driven by constant 1
WARNING: [Synth 8-3331] design seg7decimal has unconnected port x[15]
WARNING: [Synth 8-3331] design seg7decimal has unconnected port x[14]
WARNING: [Synth 8-3331] design seg7decimal has unconnected port x[13]
WARNING: [Synth 8-3331] design seg7decimal has unconnected port x[12]
WARNING: [Synth 8-3331] design seg7decimal has unconnected port x[11]
WARNING: [Synth 8-3331] design seg7decimal has unconnected port x[10]
WARNING: [Synth 8-3331] design seg7decimal has unconnected port x[9]
WARNING: [Synth 8-3331] design seg7decimal has unconnected port x[8]
WARNING: [Synth 8-3331] design seg7decimal has unconnected port x[7]
WARNING: [Synth 8-3331] design seg7decimal has unconnected port x[6]
WARNING: [Synth 8-3331] design seg7decimal has unconnected port x[5]
WARNING: [Synth 8-3331] design seg7decimal has unconnected port x[4]
WARNING: [Synth 8-3331] design seg7decimal has unconnected port x[3]
WARNING: [Synth 8-3331] design seg7decimal has unconnected port x[2]
WARNING: [Synth 8-3331] design seg7decimal has unconnected port x[1]
WARNING: [Synth 8-3331] design seg7decimal has unconnected port x[0]
---------------------------------------------------------------------------------
Finished RTL Elaboration : Time (s): cpu = 00:00:02 ; elapsed = 00:00:02 . Memory (MB): peak = 1303.941 ; gain = 124.488 ; free physical = 2774 ; free virtual = 21929
---------------------------------------------------------------------------------

Report Check Netlist: 
+------+------------------+-------+---------+-------+------------------+
|      |Item              |Errors |Warnings |Status |Description       |
+------+------------------+-------+---------+-------+------------------+
|1     |multi_driven_nets |      0|        0|Passed |Multi driven nets |
+------+------------------+-------+---------+-------+------------------+
---------------------------------------------------------------------------------
Start Handling Custom Attributes
---------------------------------------------------------------------------------
---------------------------------------------------------------------------------
Finished Handling Custom Attributes : Time (s): cpu = 00:00:02 ; elapsed = 00:00:02 . Memory (MB): peak = 1303.941 ; gain = 124.488 ; free physical = 2770 ; free virtual = 21925
---------------------------------------------------------------------------------
---------------------------------------------------------------------------------
Finished RTL Optimization Phase 1 : Time (s): cpu = 00:00:02 ; elapsed = 00:00:02 . Memory (MB): peak = 1303.941 ; gain = 124.488 ; free physical = 2770 ; free virtual = 21925
---------------------------------------------------------------------------------
INFO: [Device 21-403] Loading part xc7a35tcpg236-1
INFO: [Project 1-570] Preparing netlist for logic optimization

Processing XDC Constraints
Initializing timing engine
Parsing XDC File [/home/2017csb1062/try_1/try_1.srcs/constrs_1/new/myxdc.xdc]
WARNING: [Vivado 12-584] No ports matched 'btnu'. [/home/2017csb1062/try_1/try_1.srcs/constrs_1/new/myxdc.xdc:112]
CRITICAL WARNING: [Common 17-55] 'set_property' expects at least one object. [/home/2017csb1062/try_1/try_1.srcs/constrs_1/new/myxdc.xdc:112]
Resolution: If [get_<value>] was used to populate the object, check to make sure this command returns at least one valid object.
WARNING: [Vivado 12-584] No ports matched 'btnu'. [/home/2017csb1062/try_1/try_1.srcs/constrs_1/new/myxdc.xdc:113]
CRITICAL WARNING: [Common 17-55] 'set_property' expects at least one object. [/home/2017csb1062/try_1/try_1.srcs/constrs_1/new/myxdc.xdc:113]
Resolution: If [get_<value>] was used to populate the object, check to make sure this command returns at least one valid object.
WARNING: [Vivado 12-584] No ports matched 'btnr'. [/home/2017csb1062/try_1/try_1.srcs/constrs_1/new/myxdc.xdc:116]
CRITICAL WARNING: [Common 17-55] 'set_property' expects at least one object. [/home/2017csb1062/try_1/try_1.srcs/constrs_1/new/myxdc.xdc:116]
Resolution: If [get_<value>] was used to populate the object, check to make sure this command returns at least one valid object.
WARNING: [Vivado 12-584] No ports matched 'btnr'. [/home/2017csb1062/try_1/try_1.srcs/constrs_1/new/myxdc.xdc:117]
CRITICAL WARNING: [Common 17-55] 'set_property' expects at least one object. [/home/2017csb1062/try_1/try_1.srcs/constrs_1/new/myxdc.xdc:117]
Resolution: If [get_<value>] was used to populate the object, check to make sure this command returns at least one valid object.
WARNING: [Vivado 12-584] No ports matched 'btnd'. [/home/2017csb1062/try_1/try_1.srcs/constrs_1/new/myxdc.xdc:118]
CRITICAL WARNING: [Common 17-55] 'set_property' expects at least one object. [/home/2017csb1062/try_1/try_1.srcs/constrs_1/new/myxdc.xdc:118]
Resolution: If [get_<value>] was used to populate the object, check to make sure this command returns at least one valid object.
WARNING: [Vivado 12-584] No ports matched 'btnd'. [/home/2017csb1062/try_1/try_1.srcs/constrs_1/new/myxdc.xdc:119]
CRITICAL WARNING: [Common 17-55] 'set_property' expects at least one object. [/home/2017csb1062/try_1/try_1.srcs/constrs_1/new/myxdc.xdc:119]
Resolution: If [get_<value>] was used to populate the object, check to make sure this command returns at least one valid object.
Finished Parsing XDC File [/home/2017csb1062/try_1/try_1.srcs/constrs_1/new/myxdc.xdc]
INFO: [Project 1-236] Implementation specific constraints were found while reading constraint file [/home/2017csb1062/try_1/try_1.srcs/constrs_1/new/myxdc.xdc]. These constraints will be ignored for synthesis but will be used in implementation. Impacted constraints are listed in the file [.Xil/seg7decimal_propImpl.xdc].
Resolution: To avoid this warning, move constraints listed in [.Xil/seg7decimal_propImpl.xdc] to another XDC file and exclude this new file from synthesis with the used_in_synthesis property (File Properties dialog in GUI) and re-run elaboration/synthesis.
Completed Processing XDC Constraints

INFO: [Project 1-111] Unisim Transformation Summary:
No Unisim elements were transformed.

Constraint Validation Runtime : Time (s): cpu = 00:00:00 ; elapsed = 00:00:00 . Memory (MB): peak = 1634.293 ; gain = 0.000 ; free physical = 2516 ; free virtual = 21671
---------------------------------------------------------------------------------
Finished Constraint Validation : Time (s): cpu = 00:00:08 ; elapsed = 00:00:16 . Memory (MB): peak = 1634.293 ; gain = 454.840 ; free physical = 2589 ; free virtual = 21744
---------------------------------------------------------------------------------
---------------------------------------------------------------------------------
Start Loading Part and Timing Information
---------------------------------------------------------------------------------
Loading part: xc7a35tcpg236-1
---------------------------------------------------------------------------------
Finished Loading Part and Timing Information : Time (s): cpu = 00:00:08 ; elapsed = 00:00:16 . Memory (MB): peak = 1634.293 ; gain = 454.840 ; free physical = 2589 ; free virtual = 21744
---------------------------------------------------------------------------------
---------------------------------------------------------------------------------
Start Applying 'set_property' XDC Constraints
---------------------------------------------------------------------------------
---------------------------------------------------------------------------------
Finished applying 'set_property' XDC Constraints : Time (s): cpu = 00:00:08 ; elapsed = 00:00:16 . Memory (MB): peak = 1634.293 ; gain = 454.840 ; free physical = 2591 ; free virtual = 21746
---------------------------------------------------------------------------------
---------------------------------------------------------------------------------
Finished RTL Optimization Phase 2 : Time (s): cpu = 00:00:08 ; elapsed = 00:00:17 . Memory (MB): peak = 1634.293 ; gain = 454.840 ; free physical = 2581 ; free virtual = 21737
---------------------------------------------------------------------------------

Report RTL Partitions: 
+-+--------------+------------+----------+
| |RTL Partition |Replication |Instances |
+-+--------------+------------+----------+
+-+--------------+------------+----------+
---------------------------------------------------------------------------------
Start RTL Component Statistics 
---------------------------------------------------------------------------------
Detailed RTL Component Info : 
+---Registers : 
	                4 Bit    Registers := 1     
+---Muxes : 
	   2 Input      4 Bit        Muxes := 1     
---------------------------------------------------------------------------------
Finished RTL Component Statistics 
---------------------------------------------------------------------------------
---------------------------------------------------------------------------------
Start RTL Hierarchical Component Statistics 
---------------------------------------------------------------------------------
Hierarchical RTL Component report 
Module seg7decimal 
Detailed RTL Component Info : 
+---Registers : 
	                4 Bit    Registers := 1     
+---Muxes : 
	   2 Input      4 Bit        Muxes := 1     
---------------------------------------------------------------------------------
Finished RTL Hierarchical Component Statistics
---------------------------------------------------------------------------------
---------------------------------------------------------------------------------
Start Part Resource Summary
---------------------------------------------------------------------------------
Part Resources:
DSPs: 90 (col length:60)
BRAMs: 100 (col length: RAMB18 60 RAMB36 30)
---------------------------------------------------------------------------------
Finished Part Resource Summary
---------------------------------------------------------------------------------
---------------------------------------------------------------------------------
Start Cross Boundary and Area Optimization
---------------------------------------------------------------------------------
Warning: Parallel synthesis criteria is not met 
WARNING: [Synth 8-3917] design seg7decimal has port dp driven by constant 1
WARNING: [Synth 8-3331] design seg7decimal has unconnected port x[15]
WARNING: [Synth 8-3331] design seg7decimal has unconnected port x[14]
WARNING: [Synth 8-3331] design seg7decimal has unconnected port x[13]
WARNING: [Synth 8-3331] design seg7decimal has unconnected port x[12]
WARNING: [Synth 8-3331] design seg7decimal has unconnected port x[11]
WARNING: [Synth 8-3331] design seg7decimal has unconnected port x[10]
WARNING: [Synth 8-3331] design seg7decimal has unconnected port x[9]
WARNING: [Synth 8-3331] design seg7decimal has unconnected port x[8]
WARNING: [Synth 8-3331] design seg7decimal has unconnected port x[7]
WARNING: [Synth 8-3331] design seg7decimal has unconnected port x[6]
WARNING: [Synth 8-3331] design seg7decimal has unconnected port x[5]
WARNING: [Synth 8-3331] design seg7decimal has unconnected port x[4]
WARNING: [Synth 8-3331] design seg7decimal has unconnected port x[3]
WARNING: [Synth 8-3331] design seg7decimal has unconnected port x[2]
WARNING: [Synth 8-3331] design seg7decimal has unconnected port x[1]
WARNING: [Synth 8-3331] design seg7decimal has unconnected port x[0]
---------------------------------------------------------------------------------
Finished Cross Boundary and Area Optimization : Time (s): cpu = 00:00:08 ; elapsed = 00:00:17 . Memory (MB): peak = 1634.293 ; gain = 454.840 ; free physical = 2571 ; free virtual = 21728
---------------------------------------------------------------------------------

Report RTL Partitions: 
+-+--------------+------------+----------+
| |RTL Partition |Replication |Instances |
+-+--------------+------------+----------+
+-+--------------+------------+----------+
---------------------------------------------------------------------------------
Start Applying XDC Timing Constraints
---------------------------------------------------------------------------------
---------------------------------------------------------------------------------
Finished Applying XDC Timing Constraints : Time (s): cpu = 00:00:12 ; elapsed = 00:00:23 . Memory (MB): peak = 1634.293 ; gain = 454.840 ; free physical = 2448 ; free virtual = 21605
---------------------------------------------------------------------------------
---------------------------------------------------------------------------------
Start Timing Optimization
---------------------------------------------------------------------------------
---------------------------------------------------------------------------------
Finished Timing Optimization : Time (s): cpu = 00:00:12 ; elapsed = 00:00:23 . Memory (MB): peak = 1634.293 ; gain = 454.840 ; free physical = 2447 ; free virtual = 21604
---------------------------------------------------------------------------------

Report RTL Partitions: 
+-+--------------+------------+----------+
| |RTL Partition |Replication |Instances |
+-+--------------+------------+----------+
+-+--------------+------------+----------+
---------------------------------------------------------------------------------
Start Technology Mapping
---------------------------------------------------------------------------------
---------------------------------------------------------------------------------
Finished Technology Mapping : Time (s): cpu = 00:00:12 ; elapsed = 00:00:23 . Memory (MB): peak = 1634.293 ; gain = 454.840 ; free physical = 2447 ; free virtual = 21604
---------------------------------------------------------------------------------

Report RTL Partitions: 
+-+--------------+------------+----------+
| |RTL Partition |Replication |Instances |
+-+--------------+------------+----------+
+-+--------------+------------+----------+
---------------------------------------------------------------------------------
Start IO Insertion
---------------------------------------------------------------------------------
---------------------------------------------------------------------------------
Start Flattening Before IO Insertion
---------------------------------------------------------------------------------
---------------------------------------------------------------------------------
Finished Flattening Before IO Insertion
---------------------------------------------------------------------------------
---------------------------------------------------------------------------------
Start Final Netlist Cleanup
---------------------------------------------------------------------------------
---------------------------------------------------------------------------------
Finished Final Netlist Cleanup
---------------------------------------------------------------------------------
---------------------------------------------------------------------------------
Finished IO Insertion : Time (s): cpu = 00:00:13 ; elapsed = 00:00:23 . Memory (MB): peak = 1634.293 ; gain = 454.840 ; free physical = 2447 ; free virtual = 21604
---------------------------------------------------------------------------------

Report Check Netlist: 
+------+------------------+-------+---------+-------+------------------+
|      |Item              |Errors |Warnings |Status |Description       |
+------+------------------+-------+---------+-------+------------------+
|1     |multi_driven_nets |      0|        0|Passed |Multi driven nets |
+------+------------------+-------+---------+-------+------------------+
---------------------------------------------------------------------------------
Start Renaming Generated Instances
---------------------------------------------------------------------------------
---------------------------------------------------------------------------------
Finished Renaming Generated Instances : Time (s): cpu = 00:00:13 ; elapsed = 00:00:23 . Memory (MB): peak = 1634.293 ; gain = 454.840 ; free physical = 2447 ; free virtual = 21604
---------------------------------------------------------------------------------

Report RTL Partitions: 
+-+--------------+------------+----------+
| |RTL Partition |Replication |Instances |
+-+--------------+------------+----------+
+-+--------------+------------+----------+
---------------------------------------------------------------------------------
Start Rebuilding User Hierarchy
---------------------------------------------------------------------------------
---------------------------------------------------------------------------------
Finished Rebuilding User Hierarchy : Time (s): cpu = 00:00:13 ; elapsed = 00:00:23 . Memory (MB): peak = 1634.293 ; gain = 454.840 ; free physical = 2447 ; free virtual = 21604
---------------------------------------------------------------------------------
---------------------------------------------------------------------------------
Start Renaming Generated Ports
---------------------------------------------------------------------------------
---------------------------------------------------------------------------------
Finished Renaming Generated Ports : Time (s): cpu = 00:00:13 ; elapsed = 00:00:23 . Memory (MB): peak = 1634.293 ; gain = 454.840 ; free physical = 2447 ; free virtual = 21604
---------------------------------------------------------------------------------
---------------------------------------------------------------------------------
Start Handling Custom Attributes
---------------------------------------------------------------------------------
---------------------------------------------------------------------------------
Finished Handling Custom Attributes : Time (s): cpu = 00:00:13 ; elapsed = 00:00:23 . Memory (MB): peak = 1634.293 ; gain = 454.840 ; free physical = 2447 ; free virtual = 21604
---------------------------------------------------------------------------------
---------------------------------------------------------------------------------
Start Renaming Generated Nets
---------------------------------------------------------------------------------
---------------------------------------------------------------------------------
Finished Renaming Generated Nets : Time (s): cpu = 00:00:13 ; elapsed = 00:00:23 . Memory (MB): peak = 1634.293 ; gain = 454.840 ; free physical = 2447 ; free virtual = 21604
---------------------------------------------------------------------------------
---------------------------------------------------------------------------------
Start Writing Synthesis Report
---------------------------------------------------------------------------------

Report BlackBoxes: 
+-+--------------+----------+
| |BlackBox name |Instances |
+-+--------------+----------+
+-+--------------+----------+

Report Cell Usage: 
+------+-------+------+
|      |Cell   |Count |
+------+-------+------+
|1     |BUFG   |     1|
|2     |CARRY4 |     5|
|3     |LUT1   |     1|
|4     |LUT2   |     4|
|5     |LUT4   |     7|
|6     |FDCE   |    20|
|7     |FDRE   |     4|
|8     |IBUF   |     3|
|9     |OBUF   |    12|
+------+-------+------+

Report Instance Areas: 
+------+---------+-------+------+
|      |Instance |Module |Cells |
+------+---------+-------+------+
|1     |top      |       |    57|
+------+---------+-------+------+
---------------------------------------------------------------------------------
Finished Writing Synthesis Report : Time (s): cpu = 00:00:13 ; elapsed = 00:00:23 . Memory (MB): peak = 1634.293 ; gain = 454.840 ; free physical = 2447 ; free virtual = 21604
---------------------------------------------------------------------------------
Synthesis finished with 0 errors, 0 critical warnings and 17 warnings.
Synthesis Optimization Runtime : Time (s): cpu = 00:00:08 ; elapsed = 00:00:11 . Memory (MB): peak = 1634.293 ; gain = 124.488 ; free physical = 2503 ; free virtual = 21660
Synthesis Optimization Complete : Time (s): cpu = 00:00:13 ; elapsed = 00:00:23 . Memory (MB): peak = 1634.293 ; gain = 454.840 ; free physical = 2503 ; free virtual = 21660
INFO: [Project 1-571] Translating synthesized netlist
INFO: [Netlist 29-17] Analyzing 8 Unisim elements for replacement
INFO: [Netlist 29-28] Unisim Transformation completed in 0 CPU seconds
INFO: [Project 1-570] Preparing netlist for logic optimization
INFO: [Opt 31-138] Pushed 0 inverter(s) to 0 load pin(s).
INFO: [Project 1-111] Unisim Transformation Summary:
No Unisim elements were transformed.

INFO: [Common 17-83] Releasing license: Synthesis
14 Infos, 40 Warnings, 6 Critical Warnings and 0 Errors encountered.
synth_design completed successfully
synth_design: Time (s): cpu = 00:00:14 ; elapsed = 00:00:24 . Memory (MB): peak = 1642.301 ; gain = 462.984 ; free physical = 2500 ; free virtual = 21657
WARNING: [Constraints 18-5210] No constraint will be written out.
INFO: [Common 17-1381] The checkpoint '/home/2017csb1062/try_1/try_1.runs/synth_1/seg7decimal.dcp' has been generated.
INFO: [runtcl-4] Executing : report_utilization -file seg7decimal_utilization_synth.rpt -pb seg7decimal_utilization_synth.pb
report_utilization: Time (s): cpu = 00:00:00.07 ; elapsed = 00:00:00.07 . Memory (MB): peak = 1666.312 ; gain = 0.000 ; free physical = 2501 ; free virtual = 21658
INFO: [Common 17-206] Exiting Vivado at Mon Nov 12 23:48:44 2018...
